# JRE version: OpenJDK Runtime Environment (8.0_152-b01) (build 1.8.0_152-release-915-b01)
# Java VM: OpenJDK 64-Bit Server VM (25.152-b01 mixed mode windows-amd64 compressed oops)
Heap:
 PSYoungGen      total 310784K, used 237835K [0x00000000e0000000, 0x00000000fb300000, 0x0000000100000000)
  eden space 307200K, 76% used [0x00000000e0000000,0x00000000ee4e6cc8,0x00000000f2c00000)
  from space 3584K, 95% used [0x00000000f3800000,0x00000000f3b5c1d8,0x00000000f3b80000)
  to   space 69120K, 0% used [0x00000000f6f80000,0x00000000f6f80000,0x00000000fb300000)
 ParOldGen       total 163840K, used 104392K [0x00000000a0000000, 0x00000000aa000000, 0x00000000e0000000)
  object space 163840K, 63% used [0x00000000a0000000,0x00000000a65f2180,0x00000000aa000000)
 Metaspace       used 83281K, capacity 88514K, committed 88576K, reserved 1126400K
  class space    used 10383K, capacity 11227K, committed 11264K, reserved 1048576K
GC Heap History (10 events):
Event: 5193.374 GC heap before
{Heap before GC invocations=39 (full 4):
 PSYoungGen      total 402432K, used 401995K [0x00000000e0000000, 0x00000000fed80000, 0x0000000100000000)
  eden space 357888K, 100% used [0x00000000e0000000,0x00000000f5d80000,0x00000000f5d80000)
  from space 44544K, 99% used [0x00000000fc200000,0x00000000fed12f80,0x00000000fed80000)
  to   space 66560K, 0% used [0x00000000f6b80000,0x00000000f6b80000,0x00000000fac80000)
 ParOldGen       total 163840K, used 104360K [0x00000000a0000000, 0x00000000aa000000, 0x00000000e0000000)
  object space 163840K, 63% used [0x00000000a0000000,0x00000000a65ea180,0x00000000aa000000)
 Metaspace       used 82193K, capacity 87166K, committed 87424K, reserved 1126400K
  class space    used 10279K, capacity 11103K, committed 11136K, reserved 1048576K
Event: 5193.430 GC heap after
Heap after GC invocations=39 (full 4):
 PSYoungGen      total 346624K, used 2735K [0x00000000e0000000, 0x00000000fd280000, 0x0000000100000000)
  eden space 343552K, 0% used [0x00000000e0000000,0x00000000e0000000,0x00000000f4f80000)
  from space 3072K, 89% used [0x00000000f6b80000,0x00000000f6e2bf60,0x00000000f6e80000)
  to   space 67072K, 0% used [0x00000000f9100000,0x00000000f9100000,0x00000000fd280000)
 ParOldGen       total 163840K, used 104368K [0x00000000a0000000, 0x00000000aa000000, 0x00000000e0000000)
  object space 163840K, 63% used [0x00000000a0000000,0x00000000a65ec180,0x00000000aa000000)
 Metaspace       used 82193K, capacity 87166K, committed 87424K, reserved 1126400K
  class space    used 10279K, capacity 11103K, committed 11136K, reserved 1048576K
}
Event: 5199.939 GC heap before
{Heap before GC invocations=40 (full 4):
 PSYoungGen      total 346624K, used 345604K [0x00000000e0000000, 0x00000000fd280000, 0x0000000100000000)
  eden space 343552K, 99% used [0x00000000e0000000,0x00000000f4ed5110,0x00000000f4f80000)
  from space 3072K, 89% used [0x00000000f6b80000,0x00000000f6e2bf60,0x00000000f6e80000)
  to   space 67072K, 0% used [0x00000000f9100000,0x00000000f9100000,0x00000000fd280000)
 ParOldGen       total 163840K, used 104368K [0x00000000a0000000, 0x00000000aa000000, 0x00000000e0000000)
  object space 163840K, 63% used [0x00000000a0000000,0x00000000a65ec180,0x00000000aa000000)
 Metaspace       used 82303K, capacity 87382K, committed 87424K, reserved 1126400K
  class space    used 10291K, capacity 11119K, committed 11136K, reserved 1048576K
Event: 5199.976 GC heap after
Heap after GC invocations=40 (full 4):
 PSYoungGen      total 381952K, used 6725K [0x00000000e0000000, 0x00000000fc380000, 0x0000000100000000)
  eden space 330240K, 0% used [0x00000000e0000000,0x00000000e0000000,0x00000000f4280000)
  from space 51712K, 13% used [0x00000000f9100000,0x00000000f9791608,0x00000000fc380000)
  to   space 66048K, 0% used [0x00000000f4280000,0x00000000f4280000,0x00000000f8300000)
 ParOldGen       total 163840K, used 104376K [0x00000000a0000000, 0x00000000aa000000, 0x00000000e0000000)
  object space 163840K, 63% used [0x00000000a0000000,0x00000000a65ee180,0x00000000aa000000)
 Metaspace       used 82303K, capacity 87382K, committed 87424K, reserved 1126400K
  class space    used 10291K, capacity 11119K, committed 11136K, reserved 1048576K
}
Event: 5206.517 GC heap before
{Heap before GC invocations=41 (full 4):
 PSYoungGen      total 381952K, used 336965K [0x00000000e0000000, 0x00000000fc380000, 0x0000000100000000)
  eden space 330240K, 100% used [0x00000000e0000000,0x00000000f4280000,0x00000000f4280000)
  from space 51712K, 13% used [0x00000000f9100000,0x00000000f9791608,0x00000000fc380000)
  to   space 66048K, 0% used [0x00000000f4280000,0x00000000f4280000,0x00000000f8300000)
 ParOldGen       total 163840K, used 104376K [0x00000000a0000000, 0x00000000aa000000, 0x00000000e0000000)
  object space 163840K, 63% used [0x00000000a0000000,0x00000000a65ee180,0x00000000aa000000)
 Metaspace       used 82319K, capacity 87382K, committed 87424K, reserved 1126400K
  class space    used 10291K, capacity 11119K, committed 11136K, reserved 1048576K
Event: 5206.582 GC heap after
Heap after GC invocations=41 (full 4):
 PSYoungGen      total 368640K, used 50897K [0x00000000e0000000, 0x00000000fc300000, 0x0000000100000000)
  eden space 317440K, 0% used [0x00000000e0000000,0x00000000e0000000,0x00000000f3600000)
  from space 51200K, 99% used [0x00000000f4280000,0x00000000f7434438,0x00000000f7480000)
  to   space 72192K, 0% used [0x00000000f7c80000,0x00000000f7c80000,0x00000000fc300000)
 ParOldGen       total 163840K, used 104384K [0x00000000a0000000, 0x00000000aa000000, 0x00000000e0000000)
  object space 163840K, 63% used [0x00000000a0000000,0x00000000a65f0180,0x00000000aa000000)
 Metaspace       used 82319K, capacity 87382K, committed 87424K, reserved 1126400K
  class space    used 10291K, capacity 11119K, committed 11136K, reserved 1048576K
}
Event: 5207.491 GC heap before
{Heap before GC invocations=42 (full 4):
 PSYoungGen      total 368640K, used 367774K [0x00000000e0000000, 0x00000000fc300000, 0x0000000100000000)
  eden space 317440K, 99% used [0x00000000e0000000,0x00000000f3573460,0x00000000f3600000)
  from space 51200K, 99% used [0x00000000f4280000,0x00000000f7434438,0x00000000f7480000)
  to   space 72192K, 0% used [0x00000000f7c80000,0x00000000f7c80000,0x00000000fc300000)
 ParOldGen       total 163840K, used 104384K [0x00000000a0000000, 0x00000000aa000000, 0x00000000e0000000)
  object space 163840K, 63% used [0x00000000a0000000,0x00000000a65f0180,0x00000000aa000000)
 Metaspace       used 82333K, capacity 87382K, committed 87424K, reserved 1126400K
  class space    used 10291K, capacity 11119K, committed 11136K, reserved 1048576K
Event: 5207.511 GC heap after
Heap after GC invocations=42 (full 4):
 PSYoungGen      total 391680K, used 9527K [0x00000000e0000000, 0x00000000fe100000, 0x0000000100000000)
  eden space 319488K, 0% used [0x00000000e0000000,0x00000000e0000000,0x00000000f3800000)
  from space 72192K, 13% used [0x00000000f7c80000,0x00000000f85cdcd8,0x00000000fc300000)
  to   space 70144K, 0% used [0x00000000f3800000,0x00000000f3800000,0x00000000f7c80000)
 ParOldGen       total 163840K, used 104392K [0x00000000a0000000, 0x00000000aa000000, 0x00000000e0000000)
  object space 163840K, 63% used [0x00000000a0000000,0x00000000a65f2180,0x00000000aa000000)
 Metaspace       used 82333K, capacity 87382K, committed 87424K, reserved 1126400K
  class space    used 10291K, capacity 11119K, committed 11136K, reserved 1048576K
}
Event: 14610.089 GC heap before
{Heap before GC invocations=43 (full 4):
 PSYoungGen      total 391680K, used 329015K [0x00000000e0000000, 0x00000000fe100000, 0x0000000100000000)
  eden space 319488K, 100% used [0x00000000e0000000,0x00000000f3800000,0x00000000f3800000)
  from space 72192K, 13% used [0x00000000f7c80000,0x00000000f85cdcd8,0x00000000fc300000)
  to   space 70144K, 0% used [0x00000000f3800000,0x00000000f3800000,0x00000000f7c80000)
 ParOldGen       total 163840K, used 104392K [0x00000000a0000000, 0x00000000aa000000, 0x00000000e0000000)
  object space 163840K, 63% used [0x00000000a0000000,0x00000000a65f2180,0x00000000aa000000)
 Metaspace       used 82390K, capacity 87512K, committed 87680K, reserved 1126400K
  class space    used 10302K, capacity 11134K, committed 11136K, reserved 1048576K
Event: 14610.469 GC heap after
Heap after GC invocations=43 (full 4):
 PSYoungGen      total 310784K, used 3440K [0x00000000e0000000, 0x00000000fb300000, 0x0000000100000000)
  eden space 307200K, 0% used [0x00000000e0000000,0x00000000e0000000,0x00000000f2c00000)
  from space 3584K, 95% used [0x00000000f3800000,0x00000000f3b5c1d8,0x00000000f3b80000)
  to   space 69120K, 0% used [0x00000000f6f80000,0x00000000f6f80000,0x00000000fb300000)
 ParOldGen       total 163840K, used 104392K [0x00000000a0000000, 0x00000000aa000000, 0x00000000e0000000)
  object space 163840K, 63% used [0x00000000a0000000,0x00000000a65f2180,0x00000000aa000000)
 Metaspace       used 82390K, capacity 87512K, committed 87680K, reserved 1126400K
  class space    used 10302K, capacity 11134K, committed 11136K, reserved 1048576K
}

